Using pre-set license
Built from '2020.3/staging' branch; Version is '2020.3.29f1 (2ff179115da0) revision 3142009'; Using compiler version '192528614'; Build Type 'Release'
OS: 'Windows 11  (10.0.22000) 64bit Core' Language: 'en' Physical Memory: 32612 MB
BatchMode: 1, IsHumanControllingUs: 0, StartBugReporterOnCrash: 0, Is64bit: 1, IsPro: 0

COMMAND LINE ARGUMENTS:
C:\Program Files\Unity\Hub\Editor\2020.3.29f1\Editor\Unity.exe
-adb2
-batchMode
-noUpm
-name
AssetImportWorker0
-projectPath
C:/College/Semester 4/Intro to Software Engineering/AEPS/aeps
-logFile
Logs/AssetImportWorker0.log
-srvPort
62947
Successfully changed project path to: C:/College/Semester 4/Intro to Software Engineering/AEPS/aeps
C:/College/Semester 4/Intro to Software Engineering/AEPS/aeps
Using Asset Import Pipeline V2.
Refreshing native plugins compatible for Editor in 42.68 ms, found 3 plugins.
Preloading 0 native plugins for Editor in 0.00 ms.
Initialize engine version: 2020.3.29f1 (2ff179115da0)
[Subsystems] Discovering subsystems at path C:/Program Files/Unity/Hub/Editor/2020.3.29f1/Editor/Data/Resources/UnitySubsystems
[Subsystems] Discovering subsystems at path C:/College/Semester 4/Intro to Software Engineering/AEPS/aeps/Assets
GfxDevice: creating device client; threaded=0
Direct3D:
    Version:  Direct3D 11.0 [level 11.1]
    Renderer: NVIDIA GeForce GTX 1660 Ti (ID=0x2191)
    Vendor:   
    VRAM:     5991 MB
    Driver:   30.0.14.9676
Initialize mono
Mono path[0] = 'C:/Program Files/Unity/Hub/Editor/2020.3.29f1/Editor/Data/Managed'
Mono path[1] = 'C:/Program Files/Unity/Hub/Editor/2020.3.29f1/Editor/Data/MonoBleedingEdge/lib/mono/unityjit'
Mono config path = 'C:/Program Files/Unity/Hub/Editor/2020.3.29f1/Editor/Data/MonoBleedingEdge/etc'
Using monoOptions --debugger-agent=transport=dt_socket,embedding=1,server=y,suspend=n,address=127.0.0.1:56644
Begin MonoManager ReloadAssembly
Registering precompiled unity dll's ...
Register platform support module: C:/Program Files/Unity/Hub/Editor/2020.3.29f1/Editor/Data/PlaybackEngines/WebGLSupport/UnityEditor.WebGL.Extensions.dll
Register platform support module: C:/Program Files/Unity/Hub/Editor/2020.3.29f1/Editor/Data/PlaybackEngines/WindowsStandaloneSupport/UnityEditor.WindowsStandalone.Extensions.dll
Registered in 0.001841 seconds.
Native extension for WindowsStandalone target not found
Native extension for WebGL target not found
Refreshing native plugins compatible for Editor in 41.98 ms, found 3 plugins.
Preloading 0 native plugins for Editor in 0.00 ms.
Mono: successfully reloaded assembly
- Completed reload, in  0.569 seconds
Domain Reload Profiling:
	ReloadAssembly (569ms)
		BeginReloadAssembly (61ms)
			ExecutionOrderSort (0ms)
			DisableScriptedObjects (0ms)
			BackupInstance (0ms)
			ReleaseScriptingObjects (0ms)
			CreateAndSetChildDomain (1ms)
		EndReloadAssembly (434ms)
			LoadAssemblies (60ms)
			RebuildTransferFunctionScriptingTraits (0ms)
			SetupTypeCache (139ms)
			ReleaseScriptCaches (0ms)
			RebuildScriptCaches (30ms)
			SetupLoadedEditorAssemblies (171ms)
				LogAssemblyErrors (0ms)
				InitializePlatformSupportModulesInManaged (5ms)
				SetLoadedEditorAssemblies (0ms)
				RefreshPlugins (42ms)
				BeforeProcessingInitializeOnLoad (16ms)
				ProcessInitializeOnLoadAttributes (77ms)
				ProcessInitializeOnLoadMethodAttributes (31ms)
				AfterProcessingInitializeOnLoad (0ms)
				EditorAssembliesLoaded (0ms)
			ExecutionOrderSort2 (0ms)
			AwakeInstancesAfterBackupRestoration (0ms)
Platform modules already initialized, skipping
Registering precompiled user dll's ...
Registered in 0.002965 seconds.
Begin MonoManager ReloadAssembly
Symbol file data-000002678A32C010 doesn't match image C:\College\Semester 4\Intro to Software Engineering\AEPS\aeps\Library\ScriptAssemblies\Unity.2D.Animation.Editor.dll
Symbol file LoadedFromMemory is not a mono symbol file
Symbol file data-0000026784A8D6F0 doesn't match image C:\College\Semester 4\Intro to Software Engineering\AEPS\aeps\Library\ScriptAssemblies\Unity.InternalAPIEngineBridge.001.dll
Symbol file LoadedFromMemory is not a mono symbol file
Symbol file data-00000267858E3B60 doesn't match image C:\College\Semester 4\Intro to Software Engineering\AEPS\aeps\Library\ScriptAssemblies\Unity.VSCode.Editor.dll
Symbol file LoadedFromMemory is not a mono symbol file
Symbol file data-000002678572E040 doesn't match image C:\College\Semester 4\Intro to Software Engineering\AEPS\aeps\Library\ScriptAssemblies\Unity.2D.PixelPerfect.dll
Symbol file LoadedFromMemory is not a mono symbol file
Symbol file data-000002678A350C20 doesn't match image C:\College\Semester 4\Intro to Software Engineering\AEPS\aeps\Library\ScriptAssemblies\Unity.2D.Tilemap.Editor.dll
Symbol file LoadedFromMemory is not a mono symbol file
Symbol file data-000002678A2E6CB0 doesn't match image C:\College\Semester 4\Intro to Software Engineering\AEPS\aeps\Library\ScriptAssemblies\PsdPlugin.dll
Symbol file LoadedFromMemory is not a mono symbol file
Symbol file data-0000026789967010 doesn't match image C:\College\Semester 4\Intro to Software Engineering\AEPS\aeps\Library\ScriptAssemblies\Unity.TextMeshPro.Editor.dll
Symbol file LoadedFromMemory is not a mono symbol file
Symbol file data-000002678A2E6CB0 doesn't match image C:\College\Semester 4\Intro to Software Engineering\AEPS\aeps\Library\ScriptAssemblies\Unity.VisualStudio.Editor.dll
Symbol file LoadedFromMemory is not a mono symbol file
Symbol file data-000002678A30E430 doesn't match image C:\College\Semester 4\Intro to Software Engineering\AEPS\aeps\Library\ScriptAssemblies\UnityEngine.TestRunner.dll
Symbol file LoadedFromMemory is not a mono symbol file
Symbol file data-0000026789996E30 doesn't match image C:\College\Semester 4\Intro to Software Engineering\AEPS\aeps\Library\ScriptAssemblies\Unity.Timeline.dll
Symbol file LoadedFromMemory is not a mono symbol file
Symbol file data-000002678A39A020 doesn't match image C:\College\Semester 4\Intro to Software Engineering\AEPS\aeps\Library\ScriptAssemblies\Unity.TextMeshPro.dll
Symbol file LoadedFromMemory is not a mono symbol file
Symbol file data-0000026789996E30 doesn't match image C:\College\Semester 4\Intro to Software Engineering\AEPS\aeps\Library\ScriptAssemblies\UnityEditor.TestRunner.dll
Symbol file LoadedFromMemory is not a mono symbol file
Symbol file data-00000267899FA230 doesn't match image C:\College\Semester 4\Intro to Software Engineering\AEPS\aeps\Library\ScriptAssemblies\Unity.2D.IK.Editor.dll
Symbol file LoadedFromMemory is not a mono symbol file
Symbol file data-0000026789611C20 doesn't match image C:\College\Semester 4\Intro to Software Engineering\AEPS\aeps\Library\ScriptAssemblies\Unity.2D.Sprite.Editor.dll
Symbol file LoadedFromMemory is not a mono symbol file
Symbol file data-00000267897A2430 doesn't match image C:\College\Semester 4\Intro to Software Engineering\AEPS\aeps\Library\ScriptAssemblies\Unity.2D.Psdimporter.Editor.dll
Symbol file LoadedFromMemory is not a mono symbol file
Symbol file data-000002678A30E430 doesn't match image C:\College\Semester 4\Intro to Software Engineering\AEPS\aeps\Library\ScriptAssemblies\Unity.2D.Path.Editor.dll
Symbol file LoadedFromMemory is not a mono symbol file
Symbol file data-000002678AA841C0 doesn't match image C:\College\Semester 4\Intro to Software Engineering\AEPS\aeps\Library\ScriptAssemblies\Unity.InternalAPIEditorBridge.001.dll
Symbol file LoadedFromMemory is not a mono symbol file
Symbol file data-00000267897A2430 doesn't match image C:\College\Semester 4\Intro to Software Engineering\AEPS\aeps\Library\ScriptAssemblies\UnityEditor.UI.dll
Symbol file LoadedFromMemory is not a mono symbol file
Symbol file data-000002678A3F1010 doesn't match image C:\College\Semester 4\Intro to Software Engineering\AEPS\aeps\Library\ScriptAssemblies\Unity.PlasticSCM.Editor.dll
Symbol file LoadedFromMemory is not a mono symbol file
Symbol file data-000002678A3D9840 doesn't match image C:\College\Semester 4\Intro to Software Engineering\AEPS\aeps\Library\ScriptAssemblies\Unity.Rider.Editor.dll
Symbol file LoadedFromMemory is not a mono symbol file
Symbol file data-000002678A402C20 doesn't match image C:\College\Semester 4\Intro to Software Engineering\AEPS\aeps\Library\ScriptAssemblies\UnityEngine.UI.dll
Symbol file LoadedFromMemory is not a mono symbol file
Symbol file data-0000026789C980C0 doesn't match image C:\College\Semester 4\Intro to Software Engineering\AEPS\aeps\Library\ScriptAssemblies\EditModeTests.dll
Symbol file LoadedFromMemory is not a mono symbol file
Symbol file data-000002678A5E0010 doesn't match image C:\College\Semester 4\Intro to Software Engineering\AEPS\aeps\Library\ScriptAssemblies\Unity.Mathematics.dll
Symbol file LoadedFromMemory is not a mono symbol file
Symbol file data-00000267899FA230 doesn't match image C:\College\Semester 4\Intro to Software Engineering\AEPS\aeps\Library\ScriptAssemblies\Unity.2D.IK.Runtime.dll
Symbol file LoadedFromMemory is not a mono symbol file
Symbol file data-000002678A3D9840 doesn't match image C:\College\Semester 4\Intro to Software Engineering\AEPS\aeps\Library\ScriptAssemblies\Unity.Services.Core.Editor.dll
Symbol file LoadedFromMemory is not a mono symbol file
Symbol file data-000002678A5E0010 doesn't match image C:\College\Semester 4\Intro to Software Engineering\AEPS\aeps\Library\ScriptAssemblies\Unity.2D.Animation.Triangle.Runtime.dll
Symbol file LoadedFromMemory is not a mono symbol file
Symbol file data-000002678A510620 doesn't match image C:\College\Semester 4\Intro to Software Engineering\AEPS\aeps\Library\ScriptAssemblies\Unity.2D.Animation.Runtime.dll
Symbol file LoadedFromMemory is not a mono symbol file
Symbol file data-00000267855C9010 doesn't match image C:\College\Semester 4\Intro to Software Engineering\AEPS\aeps\Library\ScriptAssemblies\Unity.2D.PixelPerfect.Editor.dll
Symbol file LoadedFromMemory is not a mono symbol file
Symbol file data-000002678A5E0010 doesn't match image C:\College\Semester 4\Intro to Software Engineering\AEPS\aeps\Library\ScriptAssemblies\Unity.Timeline.Editor.dll
Symbol file LoadedFromMemory is not a mono symbol file
Symbol file data-000002678958F430 doesn't match image C:\College\Semester 4\Intro to Software Engineering\AEPS\aeps\Library\ScriptAssemblies\Unity.CollabProxy.Editor.dll
Symbol file LoadedFromMemory is not a mono symbol file
Symbol file data-0000026785932590 doesn't match image C:\College\Semester 4\Intro to Software Engineering\AEPS\aeps\Library\ScriptAssemblies\Unity.Mathematics.Editor.dll
Symbol file LoadedFromMemory is not a mono symbol file
Symbol file data-00000267856C0F20 doesn't match image C:\College\Semester 4\Intro to Software Engineering\AEPS\aeps\Library\ScriptAssemblies\Unity.2D.Common.Runtime.dll
Symbol file LoadedFromMemory is not a mono symbol file
Symbol file data-0000026789619C30 doesn't match image C:\College\Semester 4\Intro to Software Engineering\AEPS\aeps\Library\ScriptAssemblies\Unity.2D.SpriteShape.Editor.dll
Symbol file LoadedFromMemory is not a mono symbol file
Symbol file data-00000267858E3B60 doesn't match image C:\College\Semester 4\Intro to Software Engineering\AEPS\aeps\Library\ScriptAssemblies\Unity.2D.Common.Editor.dll
Symbol file LoadedFromMemory is not a mono symbol file
Symbol file data-000002678947EE20 doesn't match image C:\College\Semester 4\Intro to Software Engineering\AEPS\aeps\Library\ScriptAssemblies\Unity.2D.SpriteShape.Runtime.dll
Symbol file LoadedFromMemory is not a mono symbol file
Native extension for WindowsStandalone target not found
Native extension for WebGL target not found
Refreshing native plugins compatible for Editor in 41.08 ms, found 3 plugins.
Preloading 0 native plugins for Editor in 0.00 ms.
Mono: successfully reloaded assembly
- Completed reload, in  1.010 seconds
Domain Reload Profiling:
	ReloadAssembly (1011ms)
		BeginReloadAssembly (135ms)
			ExecutionOrderSort (0ms)
			DisableScriptedObjects (4ms)
			BackupInstance (0ms)
			ReleaseScriptingObjects (0ms)
			CreateAndSetChildDomain (18ms)
		EndReloadAssembly (822ms)
			LoadAssemblies (87ms)
			RebuildTransferFunctionScriptingTraits (0ms)
			SetupTypeCache (270ms)
			ReleaseScriptCaches (0ms)
			RebuildScriptCaches (46ms)
			SetupLoadedEditorAssemblies (313ms)
				LogAssemblyErrors (0ms)
				InitializePlatformSupportModulesInManaged (4ms)
				SetLoadedEditorAssemblies (0ms)
				RefreshPlugins (41ms)
				BeforeProcessingInitializeOnLoad (75ms)
				ProcessInitializeOnLoadAttributes (174ms)
				ProcessInitializeOnLoadMethodAttributes (14ms)
				AfterProcessingInitializeOnLoad (5ms)
				EditorAssembliesLoaded (0ms)
			ExecutionOrderSort2 (0ms)
			AwakeInstancesAfterBackupRestoration (6ms)
Platform modules already initialized, skipping
========================================================================
Worker process is ready to serve import requests
Launched and connected shader compiler UnityShaderCompiler.exe after 0.10 seconds
Refreshing native plugins compatible for Editor in 0.44 ms, found 3 plugins.
Preloading 0 native plugins for Editor in 0.00 ms.
Unloading 2261 Unused Serialized files (Serialized files now loaded: 0)
System memory in use before: 99.4 MB.
System memory in use after: 99.5 MB.

Unloading 25 unused Assets to reduce memory usage. Loaded Objects now: 2699.
Total: 2.855000 ms (FindLiveObjects: 0.156500 ms CreateObjectMapping: 0.068500 ms MarkObjects: 2.566300 ms  DeleteObjects: 0.062900 ms)

AssetImportParameters requested are different than current active one (requested -> active):
  custom:framework-win-MediaFoundation: 216162199b28c13a410421893ffa2e32 -> 
  custom:video-decoder-ogg-theora: a1e56fd34408186e4bbccfd4996cb3dc -> 
  custom:container-muxer-webm: aa71ff27fc2769a1b78a27578f13a17b -> 
  custom:container-demuxer-webm: 4f35f7cbe854078d1ac9338744f61a02 -> 
  custom:container-demuxer-ogg: 62fdf1f143b41e24485cea50d1cbac27 -> 
  custom:video-encoder-webm-vp8: eb34c28f22e8b96e1ab97ce403110664 -> 
  custom:video-decoder-webm-vp8: 9c59270c3fd7afecdb556c50c9e8de78 -> 
  custom:audio-decoder-ogg-vorbis: bf7c407c2cedff20999df2af8eb42d56 -> 
  custom:audio-encoder-webm-vorbis: bf7c407c2cedff20999df2af8eb42d56 -> 
========================================================================
Received Import Request.
  path: Assets/Scenes/FrictionLevel.unity
  artifactKey: Guid(e5cdfe9162ee5e14d8b2680ffe2302f3) Importer(815301076,1909f56bfc062723c751e8b465ee728b)
Start importing Assets/Scenes/FrictionLevel.unity using Guid(e5cdfe9162ee5e14d8b2680ffe2302f3) Importer(815301076,1909f56bfc062723c751e8b465ee728b)  -> (artifact id: '757b28a85d81cf8ea8852dae6285b52c') in 0.017193 seconds 
  Import took 0.020207 seconds .

========================================================================
Received Import Request.
  Time since last request: 1.495785 seconds.
  path: Assets/Scenes/GravityLevel.unity
  artifactKey: Guid(18b25cc7b2bd135428bead9a404a6cb1) Importer(815301076,1909f56bfc062723c751e8b465ee728b)
Start importing Assets/Scenes/GravityLevel.unity using Guid(18b25cc7b2bd135428bead9a404a6cb1) Importer(815301076,1909f56bfc062723c751e8b465ee728b)  -> (artifact id: '06903f804d5c443a25826ef5cf85d545') in 0.008682 seconds 
  Import took 0.012621 seconds .

========================================================================
Received Prepare
Registering precompiled user dll's ...
Registered in 0.003065 seconds.
Begin MonoManager ReloadAssembly
Symbol file data-000002678AD41010 doesn't match image C:\College\Semester 4\Intro to Software Engineering\AEPS\aeps\Library\ScriptAssemblies\Unity.2D.Animation.Editor.dll
Symbol file LoadedFromMemory is not a mono symbol file
Symbol file data-0000026784A89E60 doesn't match image C:\College\Semester 4\Intro to Software Engineering\AEPS\aeps\Library\ScriptAssemblies\Unity.InternalAPIEngineBridge.001.dll
Symbol file LoadedFromMemory is not a mono symbol file
Symbol file data-000002678570E040 doesn't match image C:\College\Semester 4\Intro to Software Engineering\AEPS\aeps\Library\ScriptAssemblies\Unity.VSCode.Editor.dll
Symbol file LoadedFromMemory is not a mono symbol file
Symbol file data-000002678D35D650 doesn't match image C:\College\Semester 4\Intro to Software Engineering\AEPS\aeps\Library\ScriptAssemblies\Unity.2D.PixelPerfect.dll
Symbol file LoadedFromMemory is not a mono symbol file
Symbol file data-000002678AE31430 doesn't match image C:\College\Semester 4\Intro to Software Engineering\AEPS\aeps\Library\ScriptAssemblies\Unity.2D.Tilemap.Editor.dll
Symbol file LoadedFromMemory is not a mono symbol file
Symbol file data-00000267856B5010 doesn't match image C:\College\Semester 4\Intro to Software Engineering\AEPS\aeps\Library\ScriptAssemblies\PsdPlugin.dll
Symbol file LoadedFromMemory is not a mono symbol file
Symbol file data-000002678AE31430 doesn't match image C:\College\Semester 4\Intro to Software Engineering\AEPS\aeps\Library\ScriptAssemblies\Unity.TextMeshPro.Editor.dll
Symbol file LoadedFromMemory is not a mono symbol file
Symbol file data-000002678A68A020 doesn't match image C:\College\Semester 4\Intro to Software Engineering\AEPS\aeps\Library\ScriptAssemblies\Unity.VisualStudio.Editor.dll
Symbol file LoadedFromMemory is not a mono symbol file
Symbol file data-000002678DD06010 doesn't match image C:\College\Semester 4\Intro to Software Engineering\AEPS\aeps\Library\ScriptAssemblies\UnityEngine.TestRunner.dll
Symbol file LoadedFromMemory is not a mono symbol file
Symbol file data-000002678AE31430 doesn't match image C:\College\Semester 4\Intro to Software Engineering\AEPS\aeps\Library\ScriptAssemblies\Unity.Timeline.dll
Symbol file LoadedFromMemory is not a mono symbol file
Symbol file data-00000267899BB010 doesn't match image C:\College\Semester 4\Intro to Software Engineering\AEPS\aeps\Library\ScriptAssemblies\Unity.TextMeshPro.dll
Symbol file LoadedFromMemory is not a mono symbol file
Symbol file data-000002678CA82010 doesn't match image C:\College\Semester 4\Intro to Software Engineering\AEPS\aeps\Library\ScriptAssemblies\UnityEditor.TestRunner.dll
Symbol file LoadedFromMemory is not a mono symbol file
Symbol file data-000002678D8FCE40 doesn't match image C:\College\Semester 4\Intro to Software Engineering\AEPS\aeps\Library\ScriptAssemblies\Unity.2D.IK.Editor.dll
Symbol file LoadedFromMemory is not a mono symbol file
Symbol file data-00000267899EA820 doesn't match image C:\College\Semester 4\Intro to Software Engineering\AEPS\aeps\Library\ScriptAssemblies\Unity.2D.Sprite.Editor.dll
Symbol file LoadedFromMemory is not a mono symbol file
Symbol file data-000002678AD82CC0 doesn't match image C:\College\Semester 4\Intro to Software Engineering\AEPS\aeps\Library\ScriptAssemblies\Unity.2D.Psdimporter.Editor.dll
Symbol file LoadedFromMemory is not a mono symbol file
Symbol file data-000002678AD82CC0 doesn't match image C:\College\Semester 4\Intro to Software Engineering\AEPS\aeps\Library\ScriptAssemblies\Unity.2D.Path.Editor.dll
Symbol file LoadedFromMemory is not a mono symbol file
Symbol file data-000002678D720440 doesn't match image C:\College\Semester 4\Intro to Software Engineering\AEPS\aeps\Library\ScriptAssemblies\Unity.InternalAPIEditorBridge.001.dll
Symbol file LoadedFromMemory is not a mono symbol file
Symbol file data-000002678AD82CC0 doesn't match image C:\College\Semester 4\Intro to Software Engineering\AEPS\aeps\Library\ScriptAssemblies\UnityEditor.UI.dll
Symbol file LoadedFromMemory is not a mono symbol file
Symbol file data-00000267857C7B40 doesn't match image C:\College\Semester 4\Intro to Software Engineering\AEPS\aeps\Library\ScriptAssemblies\Unity.PlasticSCM.Editor.dll
Symbol file LoadedFromMemory is not a mono symbol file
Symbol file data-000002678A3D9840 doesn't match image C:\College\Semester 4\Intro to Software Engineering\AEPS\aeps\Library\ScriptAssemblies\Unity.Rider.Editor.dll
Symbol file LoadedFromMemory is not a mono symbol file
Symbol file data-000002678B1EC020 doesn't match image C:\College\Semester 4\Intro to Software Engineering\AEPS\aeps\Library\ScriptAssemblies\UnityEngine.UI.dll
Symbol file LoadedFromMemory is not a mono symbol file
Symbol file data-000002678A74EAC0 doesn't match image C:\College\Semester 4\Intro to Software Engineering\AEPS\aeps\Library\ScriptAssemblies\EditModeTests.dll
Symbol file LoadedFromMemory is not a mono symbol file
Symbol file data-0000026789556020 doesn't match image C:\College\Semester 4\Intro to Software Engineering\AEPS\aeps\Library\ScriptAssemblies\Unity.Mathematics.dll
Symbol file LoadedFromMemory is not a mono symbol file
Symbol file data-00000267BAB82230 doesn't match image C:\College\Semester 4\Intro to Software Engineering\AEPS\aeps\Library\ScriptAssemblies\Unity.2D.IK.Runtime.dll
Symbol file LoadedFromMemory is not a mono symbol file
Symbol file data-000002678A3D9840 doesn't match image C:\College\Semester 4\Intro to Software Engineering\AEPS\aeps\Library\ScriptAssemblies\Unity.Services.Core.Editor.dll
Symbol file LoadedFromMemory is not a mono symbol file
Symbol file data-000002678DD18DC0 doesn't match image C:\College\Semester 4\Intro to Software Engineering\AEPS\aeps\Library\ScriptAssemblies\Unity.2D.Animation.Triangle.Runtime.dll
Symbol file LoadedFromMemory is not a mono symbol file
Symbol file data-000002678AA44020 doesn't match image C:\College\Semester 4\Intro to Software Engineering\AEPS\aeps\Library\ScriptAssemblies\Unity.2D.Animation.Runtime.dll
Symbol file LoadedFromMemory is not a mono symbol file
Symbol file data-00000267855C9010 doesn't match image C:\College\Semester 4\Intro to Software Engineering\AEPS\aeps\Library\ScriptAssemblies\Unity.2D.PixelPerfect.Editor.dll
Symbol file LoadedFromMemory is not a mono symbol file
Symbol file data-000002678CA94420 doesn't match image C:\College\Semester 4\Intro to Software Engineering\AEPS\aeps\Library\ScriptAssemblies\Unity.Timeline.Editor.dll
Symbol file LoadedFromMemory is not a mono symbol file
Symbol file data-000002678AD65C20 doesn't match image C:\College\Semester 4\Intro to Software Engineering\AEPS\aeps\Library\ScriptAssemblies\Unity.CollabProxy.Editor.dll
Symbol file LoadedFromMemory is not a mono symbol file
Symbol file data-000002678D3C0080 doesn't match image C:\College\Semester 4\Intro to Software Engineering\AEPS\aeps\Library\ScriptAssemblies\Unity.Mathematics.Editor.dll
Symbol file LoadedFromMemory is not a mono symbol file
Symbol file data-00000267856C1490 doesn't match image C:\College\Semester 4\Intro to Software Engineering\AEPS\aeps\Library\ScriptAssemblies\Unity.2D.Common.Runtime.dll
Symbol file LoadedFromMemory is not a mono symbol file
Symbol file data-0000026785800F50 doesn't match image C:\College\Semester 4\Intro to Software Engineering\AEPS\aeps\Library\ScriptAssemblies\Unity.2D.SpriteShape.Editor.dll
Symbol file LoadedFromMemory is not a mono symbol file
Symbol file data-000002678570E040 doesn't match image C:\College\Semester 4\Intro to Software Engineering\AEPS\aeps\Library\ScriptAssemblies\Unity.2D.Common.Editor.dll
Symbol file LoadedFromMemory is not a mono symbol file
Symbol file data-0000026789D0A010 doesn't match image C:\College\Semester 4\Intro to Software Engineering\AEPS\aeps\Library\ScriptAssemblies\Unity.2D.SpriteShape.Runtime.dll
Symbol file LoadedFromMemory is not a mono symbol file
Native extension for WindowsStandalone target not found
Native extension for WebGL target not found
Refreshing native plugins compatible for Editor in 0.44 ms, found 3 plugins.
Preloading 0 native plugins for Editor in 0.00 ms.
Mono: successfully reloaded assembly
- Completed reload, in  0.921 seconds
Domain Reload Profiling:
	ReloadAssembly (921ms)
		BeginReloadAssembly (106ms)
			ExecutionOrderSort (0ms)
			DisableScriptedObjects (6ms)
			BackupInstance (0ms)
			ReleaseScriptingObjects (0ms)
			CreateAndSetChildDomain (32ms)
		EndReloadAssembly (760ms)
			LoadAssemblies (92ms)
			RebuildTransferFunctionScriptingTraits (0ms)
			SetupTypeCache (268ms)
			ReleaseScriptCaches (1ms)
			RebuildScriptCaches (40ms)
			SetupLoadedEditorAssemblies (272ms)
				LogAssemblyErrors (0ms)
				InitializePlatformSupportModulesInManaged (5ms)
				SetLoadedEditorAssemblies (0ms)
				RefreshPlugins (0ms)
				BeforeProcessingInitializeOnLoad (74ms)
				ProcessInitializeOnLoadAttributes (177ms)
				ProcessInitializeOnLoadMethodAttributes (10ms)
				AfterProcessingInitializeOnLoad (5ms)
				EditorAssembliesLoaded (0ms)
			ExecutionOrderSort2 (0ms)
			AwakeInstancesAfterBackupRestoration (8ms)
Platform modules already initialized, skipping
Refreshing native plugins compatible for Editor in 0.44 ms, found 3 plugins.
Preloading 0 native plugins for Editor in 0.00 ms.
Unloading 2239 Unused Serialized files (Serialized files now loaded: 0)
System memory in use before: 97.6 MB.
System memory in use after: 97.7 MB.

Unloading 14 unused Assets to reduce memory usage. Loaded Objects now: 2704.
Total: 2.810200 ms (FindLiveObjects: 0.161500 ms CreateObjectMapping: 0.081900 ms MarkObjects: 2.548000 ms  DeleteObjects: 0.018300 ms)

AssetImportParameters requested are different than current active one (requested -> active):
  custom:framework-win-MediaFoundation: 216162199b28c13a410421893ffa2e32 -> 
  custom:video-decoder-ogg-theora: a1e56fd34408186e4bbccfd4996cb3dc -> 
  custom:container-muxer-webm: aa71ff27fc2769a1b78a27578f13a17b -> 
  custom:container-demuxer-webm: 4f35f7cbe854078d1ac9338744f61a02 -> 
  custom:container-demuxer-ogg: 62fdf1f143b41e24485cea50d1cbac27 -> 
  custom:video-encoder-webm-vp8: eb34c28f22e8b96e1ab97ce403110664 -> 
  custom:video-decoder-webm-vp8: 9c59270c3fd7afecdb556c50c9e8de78 -> 
  custom:audio-decoder-ogg-vorbis: bf7c407c2cedff20999df2af8eb42d56 -> 
  custom:audio-encoder-webm-vorbis: bf7c407c2cedff20999df2af8eb42d56 -> 
========================================================================
Received Import Request.
  Time since last request: 139.915216 seconds.
  path: Assets/Scenes/GravityLevel.unity
  artifactKey: Guid(18b25cc7b2bd135428bead9a404a6cb1) Importer(815301076,1909f56bfc062723c751e8b465ee728b)
Start importing Assets/Scenes/GravityLevel.unity using Guid(18b25cc7b2bd135428bead9a404a6cb1) Importer(815301076,1909f56bfc062723c751e8b465ee728b)  -> (artifact id: '5742b2dfd1d5d691e0f49e13eda2c682') in 0.014104 seconds 
  Import took 0.018357 seconds .

========================================================================
Received Import Request.
  Time since last request: 2.589429 seconds.
  path: Assets/Scenes/GravityLevel.unity
  artifactKey: Guid(18b25cc7b2bd135428bead9a404a6cb1) Importer(815301076,1909f56bfc062723c751e8b465ee728b)
Start importing Assets/Scenes/GravityLevel.unity using Guid(18b25cc7b2bd135428bead9a404a6cb1) Importer(815301076,1909f56bfc062723c751e8b465ee728b)  -> (artifact id: 'd0392657c6f3a13776354320d1f9816f') in 0.004094 seconds 
  Import took 0.008248 seconds .

========================================================================
Received Import Request.
  Time since last request: 10.993705 seconds.
  path: Assets/Scripts/GravityLevelScripts/ChangeAirResistance.cs
  artifactKey: Guid(2c10fb35a77ba704b825dbed75fd85be) Importer(815301076,1909f56bfc062723c751e8b465ee728b)
Start importing Assets/Scripts/GravityLevelScripts/ChangeAirResistance.cs using Guid(2c10fb35a77ba704b825dbed75fd85be) Importer(815301076,1909f56bfc062723c751e8b465ee728b)  -> (artifact id: '23b86ee1bb68b116fcfdfae1c80f30ba') in 0.027918 seconds 
  Import took 0.031245 seconds .

AssetImportWorkerClient::OnTransportError - code=2 error=End of file
